<?xml version="1.0" encoding="UTF-8"?>
<testsuite name="problems.two_sum.SolutionTest" tests="1" skipped="0" failures="0" errors="0" timestamp="2021-12-07T01:32:51" hostname="archlinux" time="0.024">
  <properties/>
  <testcase name="twoSum()" classname="problems.two_sum.SolutionTest" time="0.024"/>
  <system-out><![CDATA[]]></system-out>
  <system-err><![CDATA[]]></system-err>
</testsuite>
