<?xml version="1.0" encoding="UTF-8"?>
<testsuite name="problems.two_sum.SolutionTest" tests="1" skipped="0" failures="0" errors="0" timestamp="2021-12-04T01:59:30" hostname="archlinux" time="0.018">
  <properties/>
  <testcase name="twoSum()" classname="problems.two_sum.SolutionTest" time="0.018"/>
  <system-out><![CDATA[]]></system-out>
  <system-err><![CDATA[]]></system-err>
</testsuite>
